<?xml version="1.0" encoding="UTF-8"?>
<!-- Generated by org.testng.reporters.JUnitReportReporter -->
<testsuite hostname="DESKTOP-ES6C1H0" failures="0" tests="1" name="Testcases.LoginTestcases" time="4.416" errors="0" timestamp="2022-07-28T15:18:06 IST" skipped="0">
  <testcase classname="Testcases.LoginTestcases" name="vaildLogin" time="4.416"/>
  <system-out/>
</testsuite> <!-- Testcases.LoginTestcases -->
